# JRE version: Java(TM) SE Runtime Environment (8.0_74-b02) (build 1.8.0_74-b02)
# Java VM: Java HotSpot(TM) 64-Bit Server VM (25.74-b02 mixed mode windows-amd64 compressed oops)
Heap:
 PSYoungGen      total 158208K, used 69332K [0x00000000eab00000, 0x00000000f6f00000, 0x0000000100000000)
  eden space 139264K, 44% used [0x00000000eab00000,0x00000000ee82ad78,0x00000000f3300000)
  from space 18944K, 35% used [0x00000000f4500000,0x00000000f4b8a478,0x00000000f5780000)
  to   space 18432K, 0% used [0x00000000f3300000,0x00000000f3300000,0x00000000f4500000)
 ParOldGen       total 98816K, used 32278K [0x00000000c0000000, 0x00000000c6080000, 0x00000000eab00000)
  object space 98816K, 32% used [0x00000000c0000000,0x00000000c1f85b48,0x00000000c6080000)
 Metaspace       used 58522K, capacity 60116K, committed 60160K, reserved 1101824K
  class space    used 7880K, capacity 8192K, committed 8192K, reserved 1048576K
GC Heap History (10 events):
Event: 6.229 GC heap before
{Heap before GC invocations=11 (full 2):
 PSYoungGen      total 124928K, used 113664K [0x00000000eab00000, 0x00000000f3780000, 0x0000000100000000)
  eden space 113664K, 100% used [0x00000000eab00000,0x00000000f1a00000,0x00000000f1a00000)
  from space 11264K, 0% used [0x00000000f2500000,0x00000000f2500000,0x00000000f3000000)
  to   space 11264K, 0% used [0x00000000f1a00000,0x00000000f1a00000,0x00000000f2500000)
 ParOldGen       total 98816K, used 14904K [0x00000000c0000000, 0x00000000c6080000, 0x00000000eab00000)
  object space 98816K, 15% used [0x00000000c0000000,0x00000000c0e8e160,0x00000000c6080000)
 Metaspace       used 42981K, capacity 43912K, committed 44288K, reserved 1087488K
  class space    used 5878K, capacity 6090K, committed 6144K, reserved 1048576K
Event: 6.239 GC heap after
Heap after GC invocations=11 (full 2):
 PSYoungGen      total 124928K, used 10331K [0x00000000eab00000, 0x00000000f4d80000, 0x0000000100000000)
  eden space 113664K, 0% used [0x00000000eab00000,0x00000000eab00000,0x00000000f1a00000)
  from space 11264K, 91% used [0x00000000f1a00000,0x00000000f2416f58,0x00000000f2500000)
  to   space 12288K, 0% used [0x00000000f4180000,0x00000000f4180000,0x00000000f4d80000)
 ParOldGen       total 98816K, used 14976K [0x00000000c0000000, 0x00000000c6080000, 0x00000000eab00000)
  object space 98816K, 15% used [0x00000000c0000000,0x00000000c0ea0170,0x00000000c6080000)
 Metaspace       used 42981K, capacity 43912K, committed 44288K, reserved 1087488K
  class space    used 5878K, capacity 6090K, committed 6144K, reserved 1048576K
}
Event: 9.453 GC heap before
{Heap before GC invocations=12 (full 2):
 PSYoungGen      total 124928K, used 123995K [0x00000000eab00000, 0x00000000f4d80000, 0x0000000100000000)
  eden space 113664K, 100% used [0x00000000eab00000,0x00000000f1a00000,0x00000000f1a00000)
  from space 11264K, 91% used [0x00000000f1a00000,0x00000000f2416f58,0x00000000f2500000)
  to   space 12288K, 0% used [0x00000000f4180000,0x00000000f4180000,0x00000000f4d80000)
 ParOldGen       total 98816K, used 14976K [0x00000000c0000000, 0x00000000c6080000, 0x00000000eab00000)
  object space 98816K, 15% used [0x00000000c0000000,0x00000000c0ea0170,0x00000000c6080000)
 Metaspace       used 49294K, capacity 50524K, committed 50816K, reserved 1093632K
  class space    used 6769K, capacity 7002K, committed 7040K, reserved 1048576K
Event: 9.466 GC heap after
Heap after GC invocations=12 (full 2):
 PSYoungGen      total 151040K, used 12288K [0x00000000eab00000, 0x00000000f5080000, 0x0000000100000000)
  eden space 138752K, 0% used [0x00000000eab00000,0x00000000eab00000,0x00000000f3280000)
  from space 12288K, 100% used [0x00000000f4180000,0x00000000f4d80000,0x00000000f4d80000)
  to   space 15360K, 0% used [0x00000000f3280000,0x00000000f3280000,0x00000000f4180000)
 ParOldGen       total 98816K, used 20575K [0x00000000c0000000, 0x00000000c6080000, 0x00000000eab00000)
  object space 98816K, 20% used [0x00000000c0000000,0x00000000c1417c00,0x00000000c6080000)
 Metaspace       used 49294K, capacity 50524K, committed 50816K, reserved 1093632K
  class space    used 6769K, capacity 7002K, committed 7040K, reserved 1048576K
}
Event: 14.929 GC heap before
{Heap before GC invocations=13 (full 2):
 PSYoungGen      total 151040K, used 73550K [0x00000000eab00000, 0x00000000f5080000, 0x0000000100000000)
  eden space 138752K, 44% used [0x00000000eab00000,0x00000000ee6d3990,0x00000000f3280000)
  from space 12288K, 100% used [0x00000000f4180000,0x00000000f4d80000,0x00000000f4d80000)
  to   space 15360K, 0% used [0x00000000f3280000,0x00000000f3280000,0x00000000f4180000)
 ParOldGen       total 98816K, used 20575K [0x00000000c0000000, 0x00000000c6080000, 0x00000000eab00000)
  object space 98816K, 20% used [0x00000000c0000000,0x00000000c1417c00,0x00000000c6080000)
 Metaspace       used 56084K, capacity 57390K, committed 57728K, reserved 1099776K
  class space    used 7648K, capacity 7953K, committed 8064K, reserved 1048576K
Event: 14.946 GC heap after
Heap after GC invocations=13 (full 2):
 PSYoungGen      total 154112K, used 15354K [0x00000000eab00000, 0x00000000f5780000, 0x0000000100000000)
  eden space 138752K, 0% used [0x00000000eab00000,0x00000000eab00000,0x00000000f3280000)
  from space 15360K, 99% used [0x00000000f3280000,0x00000000f417eb70,0x00000000f4180000)
  to   space 18944K, 0% used [0x00000000f4500000,0x00000000f4500000,0x00000000f5780000)
 ParOldGen       total 98816K, used 24520K [0x00000000c0000000, 0x00000000c6080000, 0x00000000eab00000)
  object space 98816K, 24% used [0x00000000c0000000,0x00000000c17f2380,0x00000000c6080000)
 Metaspace       used 56084K, capacity 57390K, committed 57728K, reserved 1099776K
  class space    used 7648K, capacity 7953K, committed 8064K, reserved 1048576K
}
Event: 14.946 GC heap before
{Heap before GC invocations=14 (full 3):
 PSYoungGen      total 154112K, used 15354K [0x00000000eab00000, 0x00000000f5780000, 0x0000000100000000)
  eden space 138752K, 0% used [0x00000000eab00000,0x00000000eab00000,0x00000000f3280000)
  from space 15360K, 99% used [0x00000000f3280000,0x00000000f417eb70,0x00000000f4180000)
  to   space 18944K, 0% used [0x00000000f4500000,0x00000000f4500000,0x00000000f5780000)
 ParOldGen       total 98816K, used 24520K [0x00000000c0000000, 0x00000000c6080000, 0x00000000eab00000)
  object space 98816K, 24% used [0x00000000c0000000,0x00000000c17f2380,0x00000000c6080000)
 Metaspace       used 56084K, capacity 57390K, committed 57728K, reserved 1099776K
  class space    used 7648K, capacity 7953K, committed 8064K, reserved 1048576K
Event: 15.104 GC heap after
Heap after GC invocations=14 (full 3):
 PSYoungGen      total 154112K, used 0K [0x00000000eab00000, 0x00000000f5780000, 0x0000000100000000)
  eden space 138752K, 0% used [0x00000000eab00000,0x00000000eab00000,0x00000000f3280000)
  from space 15360K, 0% used [0x00000000f3280000,0x00000000f3280000,0x00000000f4180000)
  to   space 18944K, 0% used [0x00000000f4500000,0x00000000f4500000,0x00000000f5780000)
 ParOldGen       total 98816K, used 32270K [0x00000000c0000000, 0x00000000c6080000, 0x00000000eab00000)
  object space 98816K, 32% used [0x00000000c0000000,0x00000000c1f83b48,0x00000000c6080000)
 Metaspace       used 56083K, capacity 57384K, committed 57728K, reserved 1099776K
  class space    used 7647K, capacity 7952K, committed 8064K, reserved 1048576K
}
Event: 28.292 GC heap before
{Heap before GC invocations=15 (full 3):
 PSYoungGen      total 154112K, used 138752K [0x00000000eab00000, 0x00000000f5780000, 0x0000000100000000)
  eden space 138752K, 100% used [0x00000000eab00000,0x00000000f3280000,0x00000000f3280000)
  from space 15360K, 0% used [0x00000000f3280000,0x00000000f3280000,0x00000000f4180000)
  to   space 18944K, 0% used [0x00000000f4500000,0x00000000f4500000,0x00000000f5780000)
 ParOldGen       total 98816K, used 32270K [0x00000000c0000000, 0x00000000c6080000, 0x00000000eab00000)
  object space 98816K, 32% used [0x00000000c0000000,0x00000000c1f83b48,0x00000000c6080000)
 Metaspace       used 57847K, capacity 59308K, committed 59392K, reserved 1099776K
  class space    used 7821K, capacity 8130K, committed 8192K, reserved 1048576K
Event: 28.303 GC heap after
Heap after GC invocations=15 (full 3):
 PSYoungGen      total 158208K, used 6697K [0x00000000eab00000, 0x00000000f6f00000, 0x0000000100000000)
  eden space 139264K, 0% used [0x00000000eab00000,0x00000000eab00000,0x00000000f3300000)
  from space 18944K, 35% used [0x00000000f4500000,0x00000000f4b8a478,0x00000000f5780000)
  to   space 18432K, 0% used [0x00000000f3300000,0x00000000f3300000,0x00000000f4500000)
 ParOldGen       total 98816K, used 32278K [0x00000000c0000000, 0x00000000c6080000, 0x00000000eab00000)
  object space 98816K, 32% used [0x00000000c0000000,0x00000000c1f85b48,0x00000000c6080000)
 Metaspace       used 57847K, capacity 59308K, committed 59392K, reserved 1099776K
  class space    used 7821K, capacity 8130K, committed 8192K, reserved 1048576K
}

