# JRE version: Java(TM) SE Runtime Environment (8.0_74-b02) (build 1.8.0_74-b02)
# Java VM: Java HotSpot(TM) 64-Bit Server VM (25.74-b02 mixed mode windows-amd64 compressed oops)
Heap:
 PSYoungGen      total 206336K, used 103488K [0x00000000eab00000, 0x00000000f8680000, 0x0000000100000000)
  eden space 187904K, 55% used [0x00000000eab00000,0x00000000f10101c8,0x00000000f6280000)
  from space 18432K, 0% used [0x00000000f6280000,0x00000000f6280000,0x00000000f7480000)
  to   space 18432K, 0% used [0x00000000f7480000,0x00000000f7480000,0x00000000f8680000)
 ParOldGen       total 102912K, used 35987K [0x00000000c0000000, 0x00000000c6480000, 0x00000000eab00000)
  object space 102912K, 34% used [0x00000000c0000000,0x00000000c2324f80,0x00000000c6480000)
 Metaspace       used 65944K, capacity 68294K, committed 69760K, reserved 1110016K
  class space    used 8722K, capacity 9145K, committed 9600K, reserved 1048576K
GC Heap History (10 events):
Event: 2703.893 GC heap before
{Heap before GC invocations=28 (full 4):
 PSYoungGen      total 161280K, used 150528K [0x00000000eab00000, 0x00000000f6400000, 0x0000000100000000)
  eden space 150528K, 100% used [0x00000000eab00000,0x00000000f3e00000,0x00000000f3e00000)
  from space 10752K, 0% used [0x00000000f3e00000,0x00000000f3e00000,0x00000000f4880000)
  to   space 19456K, 0% used [0x00000000f5100000,0x00000000f5100000,0x00000000f6400000)
 ParOldGen       total 102912K, used 33838K [0x00000000c0000000, 0x00000000c6480000, 0x00000000eab00000)
  object space 102912K, 32% used [0x00000000c0000000,0x00000000c210bba8,0x00000000c6480000)
 Metaspace       used 64936K, capacity 67040K, committed 69248K, reserved 1110016K
  class space    used 8631K, capacity 9038K, committed 9600K, reserved 1048576K
Event: 2703.910 GC heap after
Heap after GC invocations=28 (full 4):
 PSYoungGen      total 170496K, used 6320K [0x00000000eab00000, 0x00000000f8b00000, 0x0000000100000000)
  eden space 151040K, 0% used [0x00000000eab00000,0x00000000eab00000,0x00000000f3e80000)
  from space 19456K, 32% used [0x00000000f5100000,0x00000000f572c010,0x00000000f6400000)
  to   space 18944K, 0% used [0x00000000f3e80000,0x00000000f3e80000,0x00000000f5100000)
 ParOldGen       total 102912K, used 33846K [0x00000000c0000000, 0x00000000c6480000, 0x00000000eab00000)
  object space 102912K, 32% used [0x00000000c0000000,0x00000000c210dba8,0x00000000c6480000)
 Metaspace       used 64936K, capacity 67040K, committed 69248K, reserved 1110016K
  class space    used 8631K, capacity 9038K, committed 9600K, reserved 1048576K
}
Event: 2707.133 GC heap before
{Heap before GC invocations=29 (full 4):
 PSYoungGen      total 170496K, used 157360K [0x00000000eab00000, 0x00000000f8b00000, 0x0000000100000000)
  eden space 151040K, 100% used [0x00000000eab00000,0x00000000f3e80000,0x00000000f3e80000)
  from space 19456K, 32% used [0x00000000f5100000,0x00000000f572c010,0x00000000f6400000)
  to   space 18944K, 0% used [0x00000000f3e80000,0x00000000f3e80000,0x00000000f5100000)
 ParOldGen       total 102912K, used 33846K [0x00000000c0000000, 0x00000000c6480000, 0x00000000eab00000)
  object space 102912K, 32% used [0x00000000c0000000,0x00000000c210dba8,0x00000000c6480000)
 Metaspace       used 65248K, capacity 67466K, committed 69248K, reserved 1110016K
  class space    used 8636K, capacity 9045K, committed 9600K, reserved 1048576K
Event: 2707.144 GC heap after
Heap after GC invocations=29 (full 4):
 PSYoungGen      total 169984K, used 6463K [0x00000000eab00000, 0x00000000f8800000, 0x0000000100000000)
  eden space 151040K, 0% used [0x00000000eab00000,0x00000000eab00000,0x00000000f3e80000)
  from space 18944K, 34% used [0x00000000f3e80000,0x00000000f44cfc50,0x00000000f5100000)
  to   space 18944K, 0% used [0x00000000f7580000,0x00000000f7580000,0x00000000f8800000)
 ParOldGen       total 102912K, used 33854K [0x00000000c0000000, 0x00000000c6480000, 0x00000000eab00000)
  object space 102912K, 32% used [0x00000000c0000000,0x00000000c210fba8,0x00000000c6480000)
 Metaspace       used 65248K, capacity 67466K, committed 69248K, reserved 1110016K
  class space    used 8636K, capacity 9045K, committed 9600K, reserved 1048576K
}
Event: 2707.284 GC heap before
{Heap before GC invocations=30 (full 4):
 PSYoungGen      total 169984K, used 156505K [0x00000000eab00000, 0x00000000f8800000, 0x0000000100000000)
  eden space 151040K, 99% used [0x00000000eab00000,0x00000000f3d868c0,0x00000000f3e80000)
  from space 18944K, 34% used [0x00000000f3e80000,0x00000000f44cfc50,0x00000000f5100000)
  to   space 18944K, 0% used [0x00000000f7580000,0x00000000f7580000,0x00000000f8800000)
 ParOldGen       total 102912K, used 33854K [0x00000000c0000000, 0x00000000c6480000, 0x00000000eab00000)
  object space 102912K, 32% used [0x00000000c0000000,0x00000000c210fba8,0x00000000c6480000)
 Metaspace       used 65336K, capacity 67500K, committed 69248K, reserved 1110016K
  class space    used 8638K, capacity 9050K, committed 9600K, reserved 1048576K
Event: 2707.289 GC heap after
Heap after GC invocations=30 (full 4):
 PSYoungGen      total 205312K, used 5661K [0x00000000eab00000, 0x00000000f8680000, 0x0000000100000000)
  eden space 187904K, 0% used [0x00000000eab00000,0x00000000eab00000,0x00000000f6280000)
  from space 17408K, 32% used [0x00000000f7580000,0x00000000f7b07780,0x00000000f8680000)
  to   space 18432K, 0% used [0x00000000f6280000,0x00000000f6280000,0x00000000f7480000)
 ParOldGen       total 102912K, used 33854K [0x00000000c0000000, 0x00000000c6480000, 0x00000000eab00000)
  object space 102912K, 32% used [0x00000000c0000000,0x00000000c210fba8,0x00000000c6480000)
 Metaspace       used 65336K, capacity 67500K, committed 69248K, reserved 1110016K
  class space    used 8638K, capacity 9050K, committed 9600K, reserved 1048576K
}
Event: 2708.024 GC heap before
{Heap before GC invocations=31 (full 4):
 PSYoungGen      total 205312K, used 140869K [0x00000000eab00000, 0x00000000f8680000, 0x0000000100000000)
  eden space 187904K, 71% used [0x00000000eab00000,0x00000000f2f09cf0,0x00000000f6280000)
  from space 17408K, 32% used [0x00000000f7580000,0x00000000f7b07780,0x00000000f8680000)
  to   space 18432K, 0% used [0x00000000f6280000,0x00000000f6280000,0x00000000f7480000)
 ParOldGen       total 102912K, used 33854K [0x00000000c0000000, 0x00000000c6480000, 0x00000000eab00000)
  object space 102912K, 32% used [0x00000000c0000000,0x00000000c210fba8,0x00000000c6480000)
 Metaspace       used 65777K, capacity 68008K, committed 69504K, reserved 1110016K
  class space    used 8707K, capacity 9126K, committed 9600K, reserved 1048576K
Event: 2708.034 GC heap after
Heap after GC invocations=31 (full 4):
 PSYoungGen      total 206336K, used 5208K [0x00000000eab00000, 0x00000000f8680000, 0x0000000100000000)
  eden space 187904K, 0% used [0x00000000eab00000,0x00000000eab00000,0x00000000f6280000)
  from space 18432K, 28% used [0x00000000f6280000,0x00000000f6796208,0x00000000f7480000)
  to   space 18432K, 0% used [0x00000000f7480000,0x00000000f7480000,0x00000000f8680000)
 ParOldGen       total 102912K, used 33862K [0x00000000c0000000, 0x00000000c6480000, 0x00000000eab00000)
  object space 102912K, 32% used [0x00000000c0000000,0x00000000c2111ba8,0x00000000c6480000)
 Metaspace       used 65777K, capacity 68008K, committed 69504K, reserved 1110016K
  class space    used 8707K, capacity 9126K, committed 9600K, reserved 1048576K
}
Event: 2708.034 GC heap before
{Heap before GC invocations=32 (full 5):
 PSYoungGen      total 206336K, used 5208K [0x00000000eab00000, 0x00000000f8680000, 0x0000000100000000)
  eden space 187904K, 0% used [0x00000000eab00000,0x00000000eab00000,0x00000000f6280000)
  from space 18432K, 28% used [0x00000000f6280000,0x00000000f6796208,0x00000000f7480000)
  to   space 18432K, 0% used [0x00000000f7480000,0x00000000f7480000,0x00000000f8680000)
 ParOldGen       total 102912K, used 33862K [0x00000000c0000000, 0x00000000c6480000, 0x00000000eab00000)
  object space 102912K, 32% used [0x00000000c0000000,0x00000000c2111ba8,0x00000000c6480000)
 Metaspace       used 65777K, capacity 68008K, committed 69504K, reserved 1110016K
  class space    used 8707K, capacity 9126K, committed 9600K, reserved 1048576K
Event: 2708.432 GC heap after
Heap after GC invocations=32 (full 5):
 PSYoungGen      total 206336K, used 0K [0x00000000eab00000, 0x00000000f8680000, 0x0000000100000000)
  eden space 187904K, 0% used [0x00000000eab00000,0x00000000eab00000,0x00000000f6280000)
  from space 18432K, 0% used [0x00000000f6280000,0x00000000f6280000,0x00000000f7480000)
  to   space 18432K, 0% used [0x00000000f7480000,0x00000000f7480000,0x00000000f8680000)
 ParOldGen       total 102912K, used 35987K [0x00000000c0000000, 0x00000000c6480000, 0x00000000eab00000)
  object space 102912K, 34% used [0x00000000c0000000,0x00000000c2324f80,0x00000000c6480000)
 Metaspace       used 65777K, capacity 68008K, committed 69504K, reserved 1110016K
  class space    used 8707K, capacity 9126K, committed 9600K, reserved 1048576K
}

